[01/Nov/2021:08:55:28] (I): WordPress Instance Info:
[01/Nov/2021:08:55:28] (I): Home URL : http://localhost/wordpress
[01/Nov/2021:08:55:28] (I): Site URL : http://localhost/wordpress
[01/Nov/2021:08:55:28] (I): WordPress Version : 5.8.1
[01/Nov/2021:08:55:28] (I): Onboarding Version : 1.1.18
[01/Nov/2021:08:55:28] (I): Multisite : No
[01/Nov/2021:08:55:28] (I): Server Info : Apache/2.4.48 (Win64) OpenSSL/1.1.1l PHP/8.0.10
[01/Nov/2021:08:55:28] (I): PHP Version : 8.0.10
[01/Nov/2021:08:55:28] (I): HTTPS : No
[01/Nov/2021:08:55:28] (I): PHP Max Execution Time : 120
[01/Nov/2021:08:55:28] (I): PHP Max Input Vars : 1000
[01/Nov/2021:08:55:28] (I): Max Upload Size : 41943040
[01/Nov/2021:08:55:28] (I): Plugins:
[01/Nov/2021:08:55:28] (I): [PLUGIN] Templates Patterns Collection : v1.1.18 (ThemeIsle)
[01/Nov/2021:08:55:28] (I): [PLUGIN] WooCommerce : v5.8.0 (Automattic)
[01/Nov/2021:08:55:28] (P): Saving remote XML
[01/Nov/2021:08:55:29] (S): Saved remote XML at path C:\xampp\htdocs\wordpress/wp-content/uploads/themeisle-demo-import.xml.
[01/Nov/2021:08:55:29] (P): Starting content import...
[01/Nov/2021:08:55:29] (S): Import started.
[01/Nov/2021:08:55:29] (S): Parsing XML file.
[01/Nov/2021:08:55:29] (P): Starting parsing file:C:\xampp\htdocs\wordpress/wp-content/uploads/themeisle-demo-import.xml
[01/Nov/2021:08:55:29] (P): Using WXR_Parser_SimpleXML...
[01/Nov/2021:08:55:29] (S): Parsed XML
[01/Nov/2021:08:55:29] (P): Processing categories...
[01/Nov/2021:08:55:29] (S): Processed categories.
[01/Nov/2021:08:55:29] (P): Processing tags...
[01/Nov/2021:08:55:29] (S): No tags to process.
[01/Nov/2021:08:55:29] (P): Processing terms...
[01/Nov/2021:08:55:29] (S): Processed terms.
[01/Nov/2021:08:55:29] (P): Processing posts...
[01/Nov/2021:08:55:29] (P): Processing attachment: https://s33834.pcdn.co/digital-store-gb/wp-content/uploads/sites/632/2020/02/neve-electronics-store-26.jpg...
[01/Nov/2021:08:55:29] (P): Fetching attachment from url: https://s33834.pcdn.co/digital-store-gb/wp-content/uploads/sites/632/2020/02/neve-electronics-store-26.jpg...
[01/Nov/2021:08:55:29] (S): Fetched remote attachment.
[01/Nov/2021:08:55:29] (P): Inserting attachment...
[01/Nov/2021:08:55:29] (S): Attachment inserted
[01/Nov/2021:08:55:29] (S): Processed attachment.
[01/Nov/2021:08:55:29] (P): Processing attachment: https://s33834.pcdn.co/digital-store-gb/wp-content/uploads/sites/632/2020/02/neve-electronics-store-27.jpg...
[01/Nov/2021:08:55:29] (P): Fetching attachment from url: https://s33834.pcdn.co/digital-store-gb/wp-content/uploads/sites/632/2020/02/neve-electronics-store-27.jpg...
[01/Nov/2021:08:55:30] (S): Fetched remote attachment.
[01/Nov/2021:08:55:30] (P): Inserting attachment...
[01/Nov/2021:08:55:30] (S): Attachment inserted
[01/Nov/2021:08:55:30] (S): Processed attachment.
[01/Nov/2021:08:55:30] (P): Processing attachment: https://s33834.pcdn.co/digital-store-gb/wp-content/uploads/sites/632/woocommerce-placeholder.png...
[01/Nov/2021:08:55:30] (P): Fetching attachment from url: https://s33834.pcdn.co/digital-store-gb/wp-content/uploads/sites/632/woocommerce-placeholder.png...
[01/Nov/2021:08:55:30] (S): Fetched remote attachment.
[01/Nov/2021:08:55:30] (P): Inserting attachment...
[01/Nov/2021:08:55:30] (S): Attachment inserted
[01/Nov/2021:08:55:30] (S): Processed attachment.
[01/Nov/2021:08:55:30] (P): Processing attachment: https://s33834.pcdn.co/digital-store-gb/wp-content/uploads/sites/632/2020/06/AM_mc_vs_dc_ae.jpg...
[01/Nov/2021:08:55:30] (P): Fetching attachment from url: https://s33834.pcdn.co/digital-store-gb/wp-content/uploads/sites/632/2020/06/AM_mc_vs_dc_ae.jpg...
[01/Nov/2021:08:55:31] (S): Fetched remote attachment.
[01/Nov/2021:08:55:31] (P): Inserting attachment...
[01/Nov/2021:08:55:31] (S): Attachment inserted
[01/Nov/2021:08:55:31] (S): Processed attachment.
[01/Nov/2021:08:55:31] (P): Processing attachment: https://s33834.pcdn.co/digital-store-gb/wp-content/uploads/sites/632/2020/11/ashim-d-silva-sKn-Yy4BRtY-unsplash.jpg...
[01/Nov/2021:08:55:31] (P): Fetching attachment from url: https://s33834.pcdn.co/digital-store-gb/wp-content/uploads/sites/632/2020/11/ashim-d-silva-sKn-Yy4BRtY-unsplash.jpg...
[01/Nov/2021:08:55:31] (S): Fetched remote attachment.
[01/Nov/2021:08:55:31] (P): Inserting attachment...
[01/Nov/2021:08:55:31] (S): Attachment inserted
[01/Nov/2021:08:55:31] (S): Processed attachment.
[01/Nov/2021:08:55:31] (P): Processing attachment: https://s33834.pcdn.co/digital-store-gb/wp-content/uploads/sites/632/2020/11/benjamin-elliott-2SPYr1W_dZw-unsplash.jpg...
[01/Nov/2021:08:55:31] (P): Fetching attachment from url: https://s33834.pcdn.co/digital-store-gb/wp-content/uploads/sites/632/2020/11/benjamin-elliott-2SPYr1W_dZw-unsplash.jpg...
[01/Nov/2021:08:55:32] (S): Fetched remote attachment.
[01/Nov/2021:08:55:32] (P): Inserting attachment...
[01/Nov/2021:08:55:32] (S): Attachment inserted
[01/Nov/2021:08:55:32] (S): Processed attachment.
[01/Nov/2021:08:55:32] (P): Processing attachment: https://s33834.pcdn.co/digital-store-gb/wp-content/uploads/sites/632/2020/11/casey-horner-_4XcZQ-2G5Q-unsplash.jpg...
[01/Nov/2021:08:55:32] (P): Fetching attachment from url: https://s33834.pcdn.co/digital-store-gb/wp-content/uploads/sites/632/2020/11/casey-horner-_4XcZQ-2G5Q-unsplash.jpg...
[01/Nov/2021:08:55:32] (S): Fetched remote attachment.
[01/Nov/2021:08:55:32] (P): Inserting attachment...
[01/Nov/2021:08:55:32] (S): Attachment inserted
[01/Nov/2021:08:55:32] (S): Processed attachment.
[01/Nov/2021:08:55:32] (P): Processing attachment: https://s33834.pcdn.co/digital-store-gb/wp-content/uploads/sites/632/2020/11/chandler-hilken-7EyBXFpenQw-unsplash.jpg...
[01/Nov/2021:08:55:32] (P): Fetching attachment from url: https://s33834.pcdn.co/digital-store-gb/wp-content/uploads/sites/632/2020/11/chandler-hilken-7EyBXFpenQw-unsplash.jpg...
[01/Nov/2021:08:55:33] (S): Fetched remote attachment.
[01/Nov/2021:08:55:33] (P): Inserting attachment...
[01/Nov/2021:08:55:33] (S): Attachment inserted
[01/Nov/2021:08:55:33] (S): Processed attachment.
[01/Nov/2021:08:55:33] (P): Processing attachment: https://s33834.pcdn.co/digital-store-gb/wp-content/uploads/sites/632/2020/11/dave-hoefler-hQNY2WP-qY4-unsplash.jpg...
[01/Nov/2021:08:55:33] (P): Fetching attachment from url: https://s33834.pcdn.co/digital-store-gb/wp-content/uploads/sites/632/2020/11/dave-hoefler-hQNY2WP-qY4-unsplash.jpg...
[01/Nov/2021:08:55:33] (S): Fetched remote attachment.
[01/Nov/2021:08:55:33] (P): Inserting attachment...
[01/Nov/2021:08:55:33] (S): Attachment inserted
[01/Nov/2021:08:55:33] (S): Processed attachment.
[01/Nov/2021:08:55:33] (P): Processing attachment: https://s33834.pcdn.co/digital-store-gb/wp-content/uploads/sites/632/2020/11/des-recits-KD8jKVdCFoQ-unsplash.jpg...
[01/Nov/2021:08:55:33] (P): Fetching attachment from url: https://s33834.pcdn.co/digital-store-gb/wp-content/uploads/sites/632/2020/11/des-recits-KD8jKVdCFoQ-unsplash.jpg...
[01/Nov/2021:08:55:34] (S): Fetched remote attachment.
[01/Nov/2021:08:55:34] (P): Inserting attachment...
[01/Nov/2021:08:55:34] (S): Attachment inserted
[01/Nov/2021:08:55:34] (S): Processed attachment.
[01/Nov/2021:08:55:34] (P): Processing attachment: https://s33834.pcdn.co/digital-store-gb/wp-content/uploads/sites/632/2020/11/dimitris-pallas-1M1OR5hBmJc-unsplash.jpg...
[01/Nov/2021:08:55:34] (P): Fetching attachment from url: https://s33834.pcdn.co/digital-store-gb/wp-content/uploads/sites/632/2020/11/dimitris-pallas-1M1OR5hBmJc-unsplash.jpg...
[01/Nov/2021:08:55:34] (S): Fetched remote attachment.
[01/Nov/2021:08:55:34] (P): Inserting attachment...
[01/Nov/2021:08:55:34] (S): Attachment inserted
[01/Nov/2021:08:55:34] (S): Processed attachment.
[01/Nov/2021:08:55:34] (P): Processing attachment: https://s33834.pcdn.co/digital-store-gb/wp-content/uploads/sites/632/2020/11/eberhard-grossgasteiger-8zcfv9edulc-unsplash.jpg...
[01/Nov/2021:08:55:34] (P): Fetching attachment from url: https://s33834.pcdn.co/digital-store-gb/wp-content/uploads/sites/632/2020/11/eberhard-grossgasteiger-8zcfv9edulc-unsplash.jpg...
[01/Nov/2021:08:55:35] (S): Fetched remote attachment.
[01/Nov/2021:08:55:35] (P): Inserting attachment...
[01/Nov/2021:08:55:35] (S): Attachment inserted
[01/Nov/2021:08:55:35] (S): Processed attachment.
[01/Nov/2021:08:55:35] (P): Processing attachment: https://s33834.pcdn.co/digital-store-gb/wp-content/uploads/sites/632/2020/11/jake-allison-D3OUeEtO35E-unsplash.jpg...
[01/Nov/2021:08:55:35] (P): Fetching attachment from url: https://s33834.pcdn.co/digital-store-gb/wp-content/uploads/sites/632/2020/11/jake-allison-D3OUeEtO35E-unsplash.jpg...
[01/Nov/2021:08:55:36] (S): Fetched remote attachment.
[01/Nov/2021:08:55:36] (P): Inserting attachment...
[01/Nov/2021:08:55:36] (S): Attachment inserted
[01/Nov/2021:08:55:36] (S): Processed attachment.
[01/Nov/2021:08:55:36] (P): Processing attachment: https://s33834.pcdn.co/digital-store-gb/wp-content/uploads/sites/632/2020/11/jordan-heath-4z_SYrG5mgA-unsplash.jpg...
[01/Nov/2021:08:55:36] (P): Fetching attachment from url: https://s33834.pcdn.co/digital-store-gb/wp-content/uploads/sites/632/2020/11/jordan-heath-4z_SYrG5mgA-unsplash.jpg...
[01/Nov/2021:08:55:36] (S): Fetched remote attachment.
[01/Nov/2021:08:55:36] (P): Inserting attachment...
[01/Nov/2021:08:55:36] (S): Attachment inserted
[01/Nov/2021:08:55:36] (S): Processed attachment.
[01/Nov/2021:08:55:36] (P): Processing attachment: https://s33834.pcdn.co/digital-store-gb/wp-content/uploads/sites/632/2020/11/krisztina-kovari-nrPQ0iLO49A-unsplash.jpg...
[01/Nov/2021:08:55:36] (P): Fetching attachment from url: https://s33834.pcdn.co/digital-store-gb/wp-content/uploads/sites/632/2020/11/krisztina-kovari-nrPQ0iLO49A-unsplash.jpg...
[01/Nov/2021:08:55:37] (S): Fetched remote attachment.
[01/Nov/2021:08:55:37] (P): Inserting attachment...
[01/Nov/2021:08:55:37] (S): Attachment inserted
[01/Nov/2021:08:55:37] (S): Processed attachment.
[01/Nov/2021:08:55:37] (P): Processing attachment: https://s33834.pcdn.co/digital-store-gb/wp-content/uploads/sites/632/2020/11/luca-bravo-zAjdgNXsMeg-unsplash.jpg...
[01/Nov/2021:08:55:37] (P): Fetching attachment from url: https://s33834.pcdn.co/digital-store-gb/wp-content/uploads/sites/632/2020/11/luca-bravo-zAjdgNXsMeg-unsplash.jpg...
[01/Nov/2021:08:55:37] (S): Fetched remote attachment.
[01/Nov/2021:08:55:37] (P): Inserting attachment...
[01/Nov/2021:08:55:37] (S): Attachment inserted
[01/Nov/2021:08:55:37] (S): Processed attachment.
[01/Nov/2021:08:55:37] (P): Processing attachment: https://s33834.pcdn.co/digital-store-gb/wp-content/uploads/sites/632/2020/11/matheo-jbt-G5dMbH6ZEfI-unsplash.jpg...
[01/Nov/2021:08:55:37] (P): Fetching attachment from url: https://s33834.pcdn.co/digital-store-gb/wp-content/uploads/sites/632/2020/11/matheo-jbt-G5dMbH6ZEfI-unsplash.jpg...
[01/Nov/2021:08:55:38] (S): Fetched remote attachment.
[01/Nov/2021:08:55:38] (P): Inserting attachment...
[01/Nov/2021:08:55:38] (S): Attachment inserted
[01/Nov/2021:08:55:38] (S): Processed attachment.
[01/Nov/2021:08:55:38] (P): Processing attachment: https://s33834.pcdn.co/digital-store-gb/wp-content/uploads/sites/632/2020/11/michael-baccin-RMHF7BY3XXo-unsplash.jpg...
[01/Nov/2021:08:55:38] (P): Fetching attachment from url: https://s33834.pcdn.co/digital-store-gb/wp-content/uploads/sites/632/2020/11/michael-baccin-RMHF7BY3XXo-unsplash.jpg...
[01/Nov/2021:08:55:38] (S): Fetched remote attachment.
[01/Nov/2021:08:55:38] (P): Inserting attachment...
[01/Nov/2021:08:55:38] (S): Attachment inserted
[01/Nov/2021:08:55:38] (S): Processed attachment.
[01/Nov/2021:08:55:38] (P): Processing attachment: https://s33834.pcdn.co/digital-store-gb/wp-content/uploads/sites/632/2020/11/paulius-dragunas-KqJKBwQGrTs-unsplash.jpg...
[01/Nov/2021:08:55:38] (P): Fetching attachment from url: https://s33834.pcdn.co/digital-store-gb/wp-content/uploads/sites/632/2020/11/paulius-dragunas-KqJKBwQGrTs-unsplash.jpg...
[01/Nov/2021:08:55:39] (S): Fetched remote attachment.
[01/Nov/2021:08:55:39] (P): Inserting attachment...
[01/Nov/2021:08:55:39] (S): Attachment inserted
[01/Nov/2021:08:55:39] (S): Processed attachment.
[01/Nov/2021:08:55:39] (P): Processing attachment: https://s33834.pcdn.co/digital-store-gb/wp-content/uploads/sites/632/2020/11/pedro-lastra-F0dmGPe2KG0-unsplash.jpg...
[01/Nov/2021:08:55:39] (P): Fetching attachment from url: https://s33834.pcdn.co/digital-store-gb/wp-content/uploads/sites/632/2020/11/pedro-lastra-F0dmGPe2KG0-unsplash.jpg...
[01/Nov/2021:08:55:39] (S): Fetched remote attachment.
[01/Nov/2021:08:55:39] (P): Inserting attachment...
[01/Nov/2021:08:55:39] (S): Attachment inserted
[01/Nov/2021:08:55:39] (S): Processed attachment.
[01/Nov/2021:08:55:39] (P): Inserting custom_css: neve .
[01/Nov/2021:08:55:39] (S): Done inserting custom_css: neve .
[01/Nov/2021:08:55:39] (P): Processing attachment: https://s33834.pcdn.co/digital-store-gb/wp-content/uploads/sites/632/2020/11/svetlana-pochatun-piIgyF0-gcY-unsplash.jpg...
[01/Nov/2021:08:55:39] (P): Fetching attachment from url: https://s33834.pcdn.co/digital-store-gb/wp-content/uploads/sites/632/2020/11/svetlana-pochatun-piIgyF0-gcY-unsplash.jpg...
[01/Nov/2021:08:55:39] (S): Fetched remote attachment.
[01/Nov/2021:08:55:39] (P): Inserting attachment...
[01/Nov/2021:08:55:39] (S): Attachment inserted
[01/Nov/2021:08:55:39] (S): Processed attachment.
[01/Nov/2021:08:55:39] (P): Processing attachment: https://s33834.pcdn.co/digital-store-gb/wp-content/uploads/sites/632/2020/11/usgs-CGxdRJknf4I-unsplash.jpg...
[01/Nov/2021:08:55:39] (P): Fetching attachment from url: https://s33834.pcdn.co/digital-store-gb/wp-content/uploads/sites/632/2020/11/usgs-CGxdRJknf4I-unsplash.jpg...
[01/Nov/2021:08:55:40] (S): Fetched remote attachment.
[01/Nov/2021:08:55:40] (P): Inserting attachment...
[01/Nov/2021:08:55:40] (S): Attachment inserted
[01/Nov/2021:08:55:40] (S): Processed attachment.
[01/Nov/2021:08:55:40] (P): Processing attachment: https://s33834.pcdn.co/digital-store-gb/wp-content/uploads/sites/632/2020/11/usgs-XFWg9u0TYs4-unsplash.jpg...
[01/Nov/2021:08:55:40] (P): Fetching attachment from url: https://s33834.pcdn.co/digital-store-gb/wp-content/uploads/sites/632/2020/11/usgs-XFWg9u0TYs4-unsplash.jpg...
[01/Nov/2021:08:55:40] (S): Fetched remote attachment.
[01/Nov/2021:08:55:40] (P): Inserting attachment...
[01/Nov/2021:08:55:40] (S): Attachment inserted
[01/Nov/2021:08:55:40] (S): Processed attachment.
[01/Nov/2021:08:55:40] (P): Processing attachment: https://s33834.pcdn.co/digital-store-gb/wp-content/uploads/sites/632/2020/11/asa-rodger-B8xmtKWLrVo-unsplash.jpg...
[01/Nov/2021:08:55:40] (P): Fetching attachment from url: https://s33834.pcdn.co/digital-store-gb/wp-content/uploads/sites/632/2020/11/asa-rodger-B8xmtKWLrVo-unsplash.jpg...
[01/Nov/2021:08:55:41] (S): Fetched remote attachment.
[01/Nov/2021:08:55:41] (P): Inserting attachment...
[01/Nov/2021:08:55:41] (S): Attachment inserted
[01/Nov/2021:08:55:41] (S): Processed attachment.
[01/Nov/2021:08:55:41] (P): Processing attachment: https://s33834.pcdn.co/digital-store-gb/wp-content/uploads/sites/632/2020/11/dan-cutler-3CCt4DcycWA-unsplash.jpg...
[01/Nov/2021:08:55:41] (P): Fetching attachment from url: https://s33834.pcdn.co/digital-store-gb/wp-content/uploads/sites/632/2020/11/dan-cutler-3CCt4DcycWA-unsplash.jpg...
[01/Nov/2021:08:55:41] (S): Fetched remote attachment.
[01/Nov/2021:08:55:41] (P): Inserting attachment...
[01/Nov/2021:08:55:41] (S): Attachment inserted
[01/Nov/2021:08:55:41] (S): Processed attachment.
[01/Nov/2021:08:55:41] (P): Processing attachment: https://s33834.pcdn.co/digital-store-gb/wp-content/uploads/sites/632/2020/11/guille-pozzi-PO0UHx-5mHo-unsplash.jpg...
[01/Nov/2021:08:55:41] (P): Fetching attachment from url: https://s33834.pcdn.co/digital-store-gb/wp-content/uploads/sites/632/2020/11/guille-pozzi-PO0UHx-5mHo-unsplash.jpg...
[01/Nov/2021:08:55:42] (S): Fetched remote attachment.
[01/Nov/2021:08:55:42] (P): Inserting attachment...
[01/Nov/2021:08:55:42] (S): Attachment inserted
[01/Nov/2021:08:55:42] (S): Processed attachment.
[01/Nov/2021:08:55:42] (P): Processing attachment: https://s33834.pcdn.co/digital-store-gb/wp-content/uploads/sites/632/2020/11/jake-weirick-6TyC5S5xnvM-unsplash.jpg...
[01/Nov/2021:08:55:42] (P): Fetching attachment from url: https://s33834.pcdn.co/digital-store-gb/wp-content/uploads/sites/632/2020/11/jake-weirick-6TyC5S5xnvM-unsplash.jpg...
[01/Nov/2021:08:55:43] (S): Fetched remote attachment.
[01/Nov/2021:08:55:43] (P): Inserting attachment...
[01/Nov/2021:08:55:43] (S): Attachment inserted
[01/Nov/2021:08:55:43] (S): Processed attachment.
[01/Nov/2021:08:55:43] (P): Processing attachment: https://s33834.pcdn.co/digital-store-gb/wp-content/uploads/sites/632/2020/11/luca-huter-Nzpx0gn5bNU-unsplash.jpg...
[01/Nov/2021:08:55:43] (P): Fetching attachment from url: https://s33834.pcdn.co/digital-store-gb/wp-content/uploads/sites/632/2020/11/luca-huter-Nzpx0gn5bNU-unsplash.jpg...
[01/Nov/2021:08:55:43] (S): Fetched remote attachment.
[01/Nov/2021:08:55:43] (P): Inserting attachment...
[01/Nov/2021:08:55:43] (S): Attachment inserted
[01/Nov/2021:08:55:43] (S): Processed attachment.
[01/Nov/2021:08:55:43] (P): Processing attachment: https://s33834.pcdn.co/digital-store-gb/wp-content/uploads/sites/632/2020/11/matthias-gotzke-dQBZY7yEVpc-unsplash-1.jpg...
[01/Nov/2021:08:55:43] (P): Fetching attachment from url: https://s33834.pcdn.co/digital-store-gb/wp-content/uploads/sites/632/2020/11/matthias-gotzke-dQBZY7yEVpc-unsplash-1.jpg...
[01/Nov/2021:08:55:43] (S): Fetched remote attachment.
[01/Nov/2021:08:55:43] (P): Inserting attachment...
[01/Nov/2021:08:55:43] (S): Attachment inserted
[01/Nov/2021:08:55:43] (S): Processed attachment.
[01/Nov/2021:08:55:43] (P): Processing attachment: https://s33834.pcdn.co/digital-store-gb/wp-content/uploads/sites/632/2020/11/philipp-pilz-QZ2EQuPpQJs-unsplash.jpg...
[01/Nov/2021:08:55:43] (P): Fetching attachment from url: https://s33834.pcdn.co/digital-store-gb/wp-content/uploads/sites/632/2020/11/philipp-pilz-QZ2EQuPpQJs-unsplash.jpg...
[01/Nov/2021:08:55:44] (S): Fetched remote attachment.
[01/Nov/2021:08:55:44] (P): Inserting attachment...
[01/Nov/2021:08:55:44] (S): Attachment inserted
[01/Nov/2021:08:55:44] (S): Processed attachment.
[01/Nov/2021:08:55:44] (P): Processing single menu item ' '...
[01/Nov/2021:08:55:44] (P): Processing single menu item ' '...
[01/Nov/2021:08:55:44] (P): Processing single menu item ' '...
[01/Nov/2021:08:55:44] (P): Processing single menu item ' '...
[01/Nov/2021:08:55:44] (S): Processed single menu item.
[01/Nov/2021:08:55:44] (P): Processing single menu item ' '...
[01/Nov/2021:08:55:44] (S): Processed single menu item.
[01/Nov/2021:08:55:44] (P): Processing single menu item ' '...
[01/Nov/2021:08:55:44] (S): Processed single menu item.
[01/Nov/2021:08:55:44] (P): Processing single menu item ' '...
[01/Nov/2021:08:55:44] (S): Processed single menu item.
[01/Nov/2021:08:55:44] (P): Processing single menu item ' '...
[01/Nov/2021:08:55:44] (P): Processing attachment: https://s33834.pcdn.co/digital-store-gb/wp-content/uploads/sites/632/2020/11/pslogo.png...
[01/Nov/2021:08:55:44] (P): Fetching attachment from url: https://s33834.pcdn.co/digital-store-gb/wp-content/uploads/sites/632/2020/11/pslogo.png...
[01/Nov/2021:08:55:44] (S): Fetched remote attachment.
[01/Nov/2021:08:55:44] (P): Inserting attachment...
[01/Nov/2021:08:55:44] (S): Attachment inserted
[01/Nov/2021:08:55:44] (S): Processed attachment.
[01/Nov/2021:08:55:44] (P): Inserting post: New Landscape images added in store .
[01/Nov/2021:08:55:44] (S): Done inserting post: New Landscape images added in store .
[01/Nov/2021:08:55:44] (P): Inserting page: Cart .
[01/Nov/2021:08:55:44] (S): Done inserting page: Cart .
[01/Nov/2021:08:55:44] (P): Inserting page: Checkout .
[01/Nov/2021:08:55:44] (S): Done inserting page: Checkout .
[01/Nov/2021:08:55:44] (P): Inserting page: My account .
[01/Nov/2021:08:55:44] (S): Done inserting page: My account .
[01/Nov/2021:08:55:45] (P): Inserting product: Wolf .
[01/Nov/2021:08:55:45] (S): Done inserting product: Wolf .
[01/Nov/2021:08:55:45] (P): Inserting post: Bird Photo-shooting and editing secrets .
[01/Nov/2021:08:55:45] (S): Done inserting post: Bird Photo-shooting and editing secrets .
[01/Nov/2021:08:55:45] (P): Inserting post: The secret to great aerial phoptography .
[01/Nov/2021:08:55:45] (S): Done inserting post: The secret to great aerial phoptography .
[01/Nov/2021:08:55:45] (P): Inserting page: Shop .
[01/Nov/2021:08:55:45] (S): Done inserting page: Shop .
[01/Nov/2021:08:55:45] (P): Inserting page: News .
[01/Nov/2021:08:55:45] (S): Done inserting page: News .
[01/Nov/2021:08:55:45] (P): Inserting product: Bird .
[01/Nov/2021:08:55:45] (S): Done inserting product: Bird .
[01/Nov/2021:08:55:45] (P): Inserting product: Tiger .
[01/Nov/2021:08:55:45] (S): Done inserting product: Tiger .
[01/Nov/2021:08:55:45] (P): Inserting product: Zebra .
[01/Nov/2021:08:55:45] (S): Done inserting product: Zebra .
[01/Nov/2021:08:55:46] (P): Inserting product: Deer .
[01/Nov/2021:08:55:46] (S): Done inserting product: Deer .
[01/Nov/2021:08:55:46] (P): Inserting product: Bear .
[01/Nov/2021:08:55:46] (S): Done inserting product: Bear .
[01/Nov/2021:08:55:46] (P): Inserting page: Home .
[01/Nov/2021:08:55:46] (S): Done inserting page: Home .
[01/Nov/2021:08:55:46] (P): Inserting product: Sky view 1 .
[01/Nov/2021:08:55:46] (S): Done inserting product: Sky view 1 .
[01/Nov/2021:08:55:46] (P): Inserting product: Sky view 2 .
[01/Nov/2021:08:55:46] (S): Done inserting product: Sky view 2 .
[01/Nov/2021:08:55:47] (P): Inserting page: Terms and Privacy .
[01/Nov/2021:08:55:47] (S): Done inserting page: Terms and Privacy .
[01/Nov/2021:08:55:47] (P): Inserting page: Orders and Shipping .
[01/Nov/2021:08:55:47] (S): Done inserting page: Orders and Shipping .
[01/Nov/2021:08:55:47] (P): Processing single menu item ' '...
[01/Nov/2021:08:55:47] (S): Processed single menu item.
[01/Nov/2021:08:55:47] (P): Inserting product: Sky view 3 .
[01/Nov/2021:08:55:47] (S): Done inserting product: Sky view 3 .
[01/Nov/2021:08:55:47] (P): Inserting product: Sky view 4 .
[01/Nov/2021:08:55:47] (S): Done inserting product: Sky view 4 .
[01/Nov/2021:08:55:47] (P): Inserting product: Sky view 5 .
[01/Nov/2021:08:55:47] (S): Done inserting product: Sky view 5 .
[01/Nov/2021:08:55:47] (P): Inserting product: Sky view 6 .
[01/Nov/2021:08:55:47] (S): Done inserting product: Sky view 6 .
[01/Nov/2021:08:55:48] (P): Inserting product: Landscape 1 .
[01/Nov/2021:08:55:48] (S): Done inserting product: Landscape 1 .
[01/Nov/2021:08:55:48] (P): Inserting product: Landscape 2 .
[01/Nov/2021:08:55:48] (S): Done inserting product: Landscape 2 .
[01/Nov/2021:08:55:48] (P): Inserting product: Landscape 3 .
[01/Nov/2021:08:55:48] (S): Done inserting product: Landscape 3 .
[01/Nov/2021:08:55:49] (P): Inserting product: Landscape 4 .
[01/Nov/2021:08:55:49] (S): Done inserting product: Landscape 4 .
[01/Nov/2021:08:55:49] (P): Inserting product: People 1 .
[01/Nov/2021:08:55:49] (S): Done inserting product: People 1 .
[01/Nov/2021:08:55:49] (P): Inserting product: People 2 .
[01/Nov/2021:08:55:49] (S): Done inserting product: People 2 .
[01/Nov/2021:08:55:49] (S): Processed posts.
[01/Nov/2021:08:55:49] (P): Processing single menu item ' '...
[01/Nov/2021:08:55:49] (S): Processed single menu item.
[01/Nov/2021:08:55:49] (P): Processing single menu item ' '...
[01/Nov/2021:08:55:49] (S): Processed single menu item.
[01/Nov/2021:08:55:49] (P): Processing single menu item ' '...
[01/Nov/2021:08:55:49] (S): Processed single menu item.
[01/Nov/2021:08:55:49] (P): Processing single menu item ' '...
[01/Nov/2021:08:55:50] (S): Processed single menu item.
[01/Nov/2021:08:55:50] (P): Cleaning up import with id ...
[01/Nov/2021:08:55:50] (P): Done cleanup. Flushing cache...
[01/Nov/2021:08:55:50] (P): Flushed cache. Removing temporary data..
[01/Nov/2021:08:55:50] (S): Done importing
[01/Nov/2021:08:55:50] (P): Busting elementor cache
[01/Nov/2021:08:55:50] (S): Front page set up with id: 311.
[01/Nov/2021:08:55:50] (P): Setting up shop page.
[01/Nov/2021:08:55:50] (S): Shop pages set up.
